This is pdfTeX, Version 3.141592653-2.6-1.40.26 (TeX Live 2024) (preloaded format=pdflatex 2024.11.14)  1 DEC 2024 17:18
entering extended mode
 restricted \write18 enabled.
 %&-line parsing enabled.
**writeup.tex
(./writeup.tex
LaTeX2e <2024-11-01>
L3 programming layer <2024-11-02>
(c:/Users/User/AppData/Roaming/TinyTeX/texmf-dist/tex/latex/base/article.cls
Document Class: article 2024/06/29 v1.4n Standard LaTeX document class
(c:/Users/User/AppData/Roaming/TinyTeX/texmf-dist/tex/latex/base/size10.clo
File: size10.clo 2024/06/29 v1.4n Standard LaTeX file (size option)
)
\c@part=\count196
\c@section=\count197
\c@subsection=\count198
\c@subsubsection=\count199
\c@paragraph=\count266
\c@subparagraph=\count267
\c@figure=\count268
\c@table=\count269
\abovecaptionskip=\skip49
\belowcaptionskip=\skip50
\bibindent=\dimen141
) (c:/Users/User/AppData/Roaming/TinyTeX/texmf-dist/tex/latex/base/inputenc.sty
Package: inputenc 2024/02/08 v1.3d Input encoding file
\inpenc@prehook=\toks17
\inpenc@posthook=\toks18
) (c:/Users/User/AppData/Roaming/TinyTeX/texmf-dist/tex/latex/graphics/graphicx.sty
Package: graphicx 2021/09/16 v1.2d Enhanced LaTeX Graphics (DPC,SPQR)
 (c:/Users/User/AppData/Roaming/TinyTeX/texmf-dist/tex/latex/graphics/keyval.sty
Package: keyval 2022/05/29 v1.15 key=value parser (DPC)
\KV@toks@=\toks19
) (c:/Users/User/AppData/Roaming/TinyTeX/texmf-dist/tex/latex/graphics/graphics.sty
Package: graphics 2024/08/06 v1.4g Standard LaTeX Graphics (DPC,SPQR)
 (c:/Users/User/AppData/Roaming/TinyTeX/texmf-dist/tex/latex/graphics/trig.sty
Package: trig 2023/12/02 v1.11 sin cos tan (DPC)
) (c:/Users/User/AppData/Roaming/TinyTeX/texmf-dist/tex/latex/graphics-cfg/graphics.cfg
File: graphics.cfg 2016/06/04 v1.11 sample graphics configuration
)
Package graphics Info: Driver file: pdftex.def on input line 106.
 (c:/Users/User/AppData/Roaming/TinyTeX/texmf-dist/tex/latex/graphics-def/pdftex.def
File: pdftex.def 2024/04/13 v1.2c Graphics/color driver for pdftex
))
\Gin@req@height=\dimen142
\Gin@req@width=\dimen143
) (c:/Users/User/AppData/Roaming/TinyTeX/texmf-dist/tex/latex/geometry/geometry.sty
Package: geometry 2020/01/02 v5.9 Page Geometry
 (c:/Users/User/AppData/Roaming/TinyTeX/texmf-dist/tex/generic/iftex/ifvtex.sty
Package: ifvtex 2019/10/25 v1.7 ifvtex legacy package. Use iftex instead.
 (c:/Users/User/AppData/Roaming/TinyTeX/texmf-dist/tex/generic/iftex/iftex.sty
Package: iftex 2022/02/03 v1.0f TeX engine tests
))
\Gm@cnth=\count270
\Gm@cntv=\count271
\c@Gm@tempcnt=\count272
\Gm@bindingoffset=\dimen144
\Gm@wd@mp=\dimen145
\Gm@odd@mp=\dimen146
\Gm@even@mp=\dimen147
\Gm@layoutwidth=\dimen148
\Gm@layoutheight=\dimen149
\Gm@layouthoffset=\dimen150
\Gm@layoutvoffset=\dimen151
\Gm@dimlist=\toks20
) (c:/Users/User/AppData/Roaming/TinyTeX/texmf-dist/tex/latex/float/float.sty
Package: float 2001/11/08 v1.3d Float enhancements (AL)
\c@float@type=\count273
\float@exts=\toks21
\float@box=\box52
\@float@everytoks=\toks22
\@floatcapt=\box53
) (c:/Users/User/AppData/Roaming/TinyTeX/texmf-dist/tex/latex/l3backend/l3backend-pdftex.def
File: l3backend-pdftex.def 2024-05-08 L3 backend support: PDF output (pdfTeX)
\l__color_backend_stack_int=\count274
\l__pdf_internal_box=\box54
) (./writeup.aux)
\openout1 = `writeup.aux'.

LaTeX Font Info:    Checking defaults for OML/cmm/m/it on input line 13.
LaTeX Font Info:    ... okay on input line 13.
LaTeX Font Info:    Checking defaults for OMS/cmsy/m/n on input line 13.
LaTeX Font Info:    ... okay on input line 13.
LaTeX Font Info:    Checking defaults for OT1/cmr/m/n on input line 13.
LaTeX Font Info:    ... okay on input line 13.
LaTeX Font Info:    Checking defaults for T1/cmr/m/n on input line 13.
LaTeX Font Info:    ... okay on input line 13.
LaTeX Font Info:    Checking defaults for TS1/cmr/m/n on input line 13.
LaTeX Font Info:    ... okay on input line 13.
LaTeX Font Info:    Checking defaults for OMX/cmex/m/n on input line 13.
LaTeX Font Info:    ... okay on input line 13.
LaTeX Font Info:    Checking defaults for U/cmr/m/n on input line 13.
LaTeX Font Info:    ... okay on input line 13.
 (c:/Users/User/AppData/Roaming/TinyTeX/texmf-dist/tex/latex/epstopdf-pkg/epstopdf-base.sty
Package: epstopdf-base 2020-01-24 v2.11 Base part for package epstopdf
Package epstopdf-base Info: Redefining graphics rule for `.eps' on input line 485.
 (c:/Users/User/AppData/Roaming/TinyTeX/texmf-dist/tex/latex/latexconfig/epstopdf-sys.cfg
File: epstopdf-sys.cfg 2010/07/13 v1.3 Configuration of (r)epstopdf for TeX Live
))
*geometry* driver: auto-detecting
*geometry* detected driver: pdftex
*geometry* verbose mode - [ preamble ] result:
* driver: pdftex
* paper: <default>
* layout: <same size as paper>
* layoutoffset:(h,v)=(0.0pt,0.0pt)
* modes: 
* h-part:(L,W,R)=(72.26999pt, 469.75502pt, 72.26999pt)
* v-part:(T,H,B)=(72.26999pt, 650.43001pt, 72.26999pt)
* \paperwidth=614.295pt
* \paperheight=794.96999pt
* \textwidth=469.75502pt
* \textheight=650.43001pt
* \oddsidemargin=0.0pt
* \evensidemargin=0.0pt
* \topmargin=-37.0pt
* \headheight=12.0pt
* \headsep=25.0pt
* \topskip=10.0pt
* \footskip=30.0pt
* \marginparwidth=65.0pt
* \marginparsep=11.0pt
* \columnsep=10.0pt
* \skip\footins=9.0pt plus 4.0pt minus 2.0pt
* \hoffset=0.0pt
* \voffset=0.0pt
* \mag=1000
* \@twocolumnfalse
* \@twosidefalse
* \@mparswitchfalse
* \@reversemarginfalse
* (1in=72.27pt=25.4mm, 1cm=28.453pt)

LaTeX Font Info:    External font `cmex10' loaded for size
(Font)              <12> on input line 15.
LaTeX Font Info:    External font `cmex10' loaded for size
(Font)              <8> on input line 15.
LaTeX Font Info:    External font `cmex10' loaded for size
(Font)              <6> on input line 15.
<../results/training_plots.png, id=1, 803.0pt x 602.25pt>
File: ../results/training_plots.png Graphic file (type png)
<use ../results/training_plots.png>
Package pdftex.def Info: ../results/training_plots.png  used on input line 35.
(pdftex.def)             Requested size: 281.85587pt x 211.39716pt.


[1

{c:/Users/User/AppData/Roaming/TinyTeX/texmf-var/fonts/map/pdftex/updmap/pdftex.map} <../results/training_plots.png>]
<../results/sparse_categorical_crossentropy_accuracy_plot.png, id=14, 481.8pt x 481.8pt>
File: ../results/sparse_categorical_crossentropy_accuracy_plot.png Graphic file (type png)
<use ../results/sparse_categorical_crossentropy_accuracy_plot.png>
Package pdftex.def Info: ../results/sparse_categorical_crossentropy_accuracy_plot.png  used on input line 54.
(pdftex.def)             Requested size: 375.80544pt x 375.81718pt.
LaTeX Font Info:    Font shape `OT1/cmtt/bx/n' in size <12> not available
(Font)              Font shape `OT1/cmtt/m/n' tried instead on input line 60.
<../results/new_model_categorical_crossentropy_accuracy_plot.png, id=15, 481.8pt x 481.8pt>
File: ../results/new_model_categorical_crossentropy_accuracy_plot.png Graphic file (type png)
<use ../results/new_model_categorical_crossentropy_accuracy_plot.png>
Package pdftex.def Info: ../results/new_model_categorical_crossentropy_accuracy_plot.png  used on input line 65.
(pdftex.def)             Requested size: 375.80544pt x 375.81718pt.


[2 <../results/sparse_categorical_crossentropy_accuracy_plot.png>]

[3 <../results/new_model_categorical_crossentropy_accuracy_plot.png>]
<../results/classified_examples.png, id=25, 517.935pt x 344.78813pt>
File: ../results/classified_examples.png Graphic file (type png)
<use ../results/classified_examples.png>
Package pdftex.def Info: ../results/classified_examples.png  used on input line 89.
(pdftex.def)             Requested size: 375.80544pt x 250.18332pt.
<../results/classified_images2.png, id=26, 517.935pt x 344.78813pt>
File: ../results/classified_images2.png Graphic file (type png)
<use ../results/classified_images2.png>
Package pdftex.def Info: ../results/classified_images2.png  used on input line 95.
(pdftex.def)             Requested size: 375.80544pt x 250.18332pt.


[4 <../results/classified_examples.png> <../results/classified_images2.png>]
Overfull \hbox (91.99008pt too wide) in paragraph at lines 119--119
[]  \OT1/cmtt/m/n/10 layer_conv_2d(filters = 32, kernel_size = c(3, 3), activation = 'relu', input_shape = c(256, 256, 3)) %>%[] 
 []


Overfull \hbox (91.99008pt too wide) in paragraph at lines 142--142
[]  \OT1/cmtt/m/n/10 layer_conv_2d(filters = 64, kernel_size = c(3, 3), activation = 'relu', input_shape = c(256, 256, 3)) %>%[] 
 []


Overfull \hbox (91.99008pt too wide) in paragraph at lines 166--166
[]  \OT1/cmtt/m/n/10 layer_conv_2d(filters = 64, kernel_size = c(3, 3), activation = 'relu', input_shape = c(256, 256, 3)) %>%[] 
 []



[5]
<../results/accuracy_plot_model_1.png, id=35, 578.16pt x 433.62pt>
File: ../results/accuracy_plot_model_1.png Graphic file (type png)
<use ../results/accuracy_plot_model_1.png>
Package pdftex.def Info: ../results/accuracy_plot_model_1.png  used on input line 176.
(pdftex.def)             Requested size: 281.85587pt x 211.39055pt.
<../results/accuracy_plot_model_2.png, id=36, 578.16pt x 433.62pt>
File: ../results/accuracy_plot_model_2.png Graphic file (type png)
<use ../results/accuracy_plot_model_2.png>
Package pdftex.def Info: ../results/accuracy_plot_model_2.png  used on input line 186.
(pdftex.def)             Requested size: 281.85587pt x 211.39055pt.


[6 <../results/accuracy_plot_model_1.png>]
<../results/accuracy_plot_model_3.png, id=40, 578.16pt x 433.62pt>
File: ../results/accuracy_plot_model_3.png Graphic file (type png)
<use ../results/accuracy_plot_model_3.png>
Package pdftex.def Info: ../results/accuracy_plot_model_3.png  used on input line 196.
(pdftex.def)             Requested size: 281.85587pt x 211.39055pt.
LaTeX Font Info:    External font `cmex10' loaded for size
(Font)              <7> on input line 206.
LaTeX Font Info:    External font `cmex10' loaded for size
(Font)              <5> on input line 206.


[7 <../results/accuracy_plot_model_2.png> <../results/accuracy_plot_model_3.png>]

[8]
<../results/transfer_model_accuracy.png, id=49, 578.16pt x 433.62pt>
File: ../results/transfer_model_accuracy.png Graphic file (type png)
<use ../results/transfer_model_accuracy.png>
Package pdftex.def Info: ../results/transfer_model_accuracy.png  used on input line 274.
(pdftex.def)             Requested size: 375.80544pt x 281.84966pt.


LaTeX Warning: `!h' float specifier changed to `!ht'.



[9 <../results/transfer_model_accuracy.png>]

[10] (./writeup.aux)
 ***********
LaTeX2e <2024-11-01>
L3 programming layer <2024-11-02>
 ***********
 ) 
Here is how much of TeX's memory you used:
 1750 strings out of 475321
 31657 string characters out of 5768030
 425959 words of memory out of 5000000
 24627 multiletter control sequences out of 15000+600000
 562996 words of font info for 53 fonts, out of 8000000 for 9000
 14 hyphenation exceptions out of 8191
 57i,8n,65p,642b,274s stack positions out of 10000i,1000n,20000p,200000b,200000s
 <c:/Users/User/AppData/Roaming/TinyTeX/texmf-var/fonts/pk/ljfour/jknappen/ec/tcrm1000.600pk><c:/Users/User/AppData/Roaming/TinyTeX/texmf-dist/fonts/type1/public/amsfonts/cm/cmbx10.pfb><c:/Users/User/AppData/Roaming/TinyTeX/texmf-dist/fonts/type1/public/amsfonts/cm/cmbx12.pfb><c:/Users/User/AppData/Roaming/TinyTeX/texmf-dist/fonts/type1/public/amsfonts/cm/cmr10.pfb><c:/Users/User/AppData/Roaming/TinyTeX/texmf-dist/fonts/type1/public/amsfonts/cm/cmr12.pfb><c:/Users/User/AppData/Roaming/TinyTeX/texmf-dist/fonts/type1/public/amsfonts/cm/cmr17.pfb><c:/Users/User/AppData/Roaming/TinyTeX/texmf-dist/fonts/type1/public/amsfonts/cm/cmtt10.pfb><c:/Users/User/AppData/Roaming/TinyTeX/texmf-dist/fonts/type1/public/amsfonts/cm/cmtt12.pfb>
Output written on writeup.pdf (10 pages, 1096291 bytes).
PDF statistics:
 91 PDF objects out of 1000 (max. 8388607)
 49 compressed objects within 1 object stream
 0 named destinations out of 1000 (max. 500000)
 46 words of extra memory for PDF output out of 10000 (max. 10000000)

